2025/08/11 03:09:58 商品 m57802902738：商品名「Bass Magazine & 教則本等」 現在価格（Before）=4500円
2025/08/11 03:09:58 商品 m64310346066：商品名「Apple Magic Keyboard Trackpad Mouse」 現在価格（Before）=29800円
2025/08/11 03:09:58 商品 m45430419267：商品名「MXR fullbore metal ギターエフェクター 美品」 現在価格（Before）=10100円
2025/08/11 03:09:58 商品 m32804910037：商品名「ハンドパン」 現在価格（Before）=14600円
2025/08/11 03:09:58 商品 m61743841686：商品名「BEHRINGER ACOUSTIC MODELER AM300」 現在価格（Before）=5100円
2025/08/11 03:09:58 商品 m59421851045：商品名「KORG Pitchblack PEDAL TUNER」 現在価格（Before）=4580円
2025/08/11 03:09:58 商品 m17286760725：商品名「TECH 21 SansAmp TRI-A.C. ギターエフェクター」 現在価格（Before）=13100円
2025/08/11 03:09:58 商品 m54146236522：商品名「脱毛器 無痛脱毛器 擦るだけ クリスタルヘアイレイザー レディース メンズ 3個」 現在価格（Before）=1580円
2025/08/11 03:09:58 商品 m17455229764：商品名「Thunderbolt 4（USB‑C）Proケーブル（1.8 m）」 現在価格（Before）=16600円
2025/08/11 03:09:58 商品 m34469271158：商品名「毎日値下中 Xbox ワイヤレス コントローラー アダプタ付き Windows」 現在価格（Before）=7900円
2025/08/11 03:09:58 商品 m63118587756：商品名「毎日値下中 MacBookPro ノートパソコン 13インチ Retina 箱付」 現在価格（Before）=24600円
2025/08/11 03:09:58 商品 m37119076505：商品名「セミジャンク 毎日値下中 ES EF-100B ベース ソフトケース」 現在価格（Before）=3300円
2025/08/11 03:09:58 商品 m67653801207：商品名「クランプ 高耐久 金属 デザイン 2個 開口部50mm カバンかけ フック」 現在価格（Before）=2200円
2025/08/11 03:09:58 商品 m50153029342：商品名「毎日値下中 エレアコ K-Garage EA-400 パッシブ ブラック」 現在価格（Before）=20300円
2025/08/11 03:09:58 商品 m53815703530：商品名「毎日値下げ中 虎刺繍 オレンジ赤サテン el conductorH スカジャン」 現在価格（Before）=145300円
2025/08/11 03:09:58 商品 m32697986391：商品名「【毎日値下中】ISHIBASHI FSR Fender Japan」 現在価格（Before）=173800円
2025/08/11 03:09:58 商品 m82565236792：商品名「【毎日値下中】Yamaha 電子ピアノ」 現在価格（Before）=19000円
2025/08/11 03:09:58 商品 m56803008696：商品名「【毎日値下中】ナイキバイユー　エアフォース1 af1 黒　ピンク　mid」 現在価格（Before）=12700円
2025/08/11 03:09:58 商品 m45129920550：商品名「【毎日値下中】dynabook 2020年3月モデル i7 16G/512G」 現在価格（Before）=66100円
2025/08/11 03:09:58 商品 m58367501122：商品名「BOSS DS-1 (Distortion) ボス ディストーション」 現在価格（Before）=8600円
2025/08/11 03:09:58 商品 m30094821435：商品名「オープンラック シェルフ 幅90cm 高さ200cm ダークブラウン 大型 本棚」 現在価格（Before）=9999699円
2025/08/11 03:09:58 商品 m58614595455：商品名「毎日値下中 お手入れ簡単 切タイマー搭載 自動加湿3段階 超音波式 5.0L」 現在価格（Before）=6200円
2025/08/11 03:09:58 商品 m71877271026：商品名「【毎日値下げ中】LEDプロジェクター 動作音が少し大きいです」 現在価格（Before）=9200円
2025/08/11 03:09:58 商品 m69512681643：商品名「毎日値下中 Phoenix/PHS-6 SC Buckeye Burl」 現在価格（Before）=574800円
2025/08/11 03:09:58 商品 m67347007998：商品名「【毎日値下中】PAUL SMITH PAUL HANSEN 26.5cm」 現在価格（Before）=50500円
